Build started 14-12-2015 12:29:20.
     1>Project "C:\Users\Saurabh Satnalika\documents\visual studio 2010\Projects\eyeLike_clr\eyeLike_clr\eyeLike_clr.vcxproj" on node 2 (build target(s)).
     1>InitializeBuildStatus:
         Creating "Debug\eyeLike_clr.unsuccessfulbuild" because "AlwaysCreate" was specified.
       GenerateTargetFrameworkMonikerAttribute:
       Skipping target "GenerateTargetFrameworkMonikerAttribute" because all output files are up-to-date with respect to the input files.
       ClCompile:
         All outputs are up-to-date.
         c:\Program Files (x86)\Microsoft Visual Studio 10.0\VC\bin\CL.exe /c /IC:\openCV_2.4.8\opencv\build\x86\vc10\lib\include /IC:\openCV_2.4.8\opencv\build\x86\vc10\lib\include\opencv /IC:\openCV_2.4.8\opencv\build\include /I"C:\Users\Saurabh Satnalika\Desktop\SFML-2.3.2-windows-vc10-32-bit\SFML-2.3.2\include" /AI"C:\Program Files (x86)\Reference Assemblies\Microsoft\Framework\.NETFramework\v4.0" /Zi /clr /nologo /W3 /WX- /Od /Oy- /D WIN32 /D _DEBUG /D _UNICODE /D UNICODE /EHa /MDd /GS /fp:precise /Zc:wchar_t /Zc:forScope /Yu"StdAfx.h" /Fp"Debug\eyeLike_clr.pch" /Fo"Debug\\" /Fd"Debug\vc100.pdb" /TP /FU"C:\Program Files (x86)\Reference Assemblies\Microsoft\Framework\.NETFramework\v4.0\System.Core.dll" /FU"C:\Program Files (x86)\Reference Assemblies\Microsoft\Framework\.NETFramework\v4.0\System.Data.dll" /FU"C:\Program Files (x86)\Reference Assemblies\Microsoft\Framework\.NETFramework\v4.0\System.dll" /FU"C:\Program Files (x86)\Reference Assemblies\Microsoft\Framework\.NETFramework\v4.0\System.Xml.dll" /analyze- /errorReport:prompt main.cpp /clr:nostdlib 
         main.cpp
     1>c:\users\saurabh satnalika\documents\visual studio 2010\projects\eyelike_clr\eyelike_clr\constants.h(16): warning C4305: 'initializing' : truncation from 'double' to 'const float'
     1>c:\users\saurabh satnalika\documents\visual studio 2010\projects\eyelike_clr\eyelike_clr\constants.h(27): warning C4305: 'initializing' : truncation from 'double' to 'const float'
     1>main.cpp(47): warning C4101: 'name' : unreferenced local variable
     1>main.cpp(417): warning C4244: 'argument' : conversion from 'double' to 'int', possible loss of data
     1>main.cpp(417): warning C4244: 'argument' : conversion from 'double' to 'int', possible loss of data
     1>main.cpp(417): warning C4244: 'argument' : conversion from 'double' to 'int', possible loss of data
     1>main.cpp(480): warning C4244: 'initializing' : conversion from 'double' to 'int', possible loss of data
     1>main.cpp(481): warning C4244: 'initializing' : conversion from 'double' to 'int', possible loss of data
     1>main.cpp(482): warning C4244: 'initializing' : conversion from 'double' to 'int', possible loss of data
     1>main.cpp(484): warning C4244: 'argument' : conversion from 'double' to 'int', possible loss of data
     1>main.cpp(486): warning C4244: 'argument' : conversion from 'double' to 'int', possible loss of data
     1>main.cpp(694): warning C4018: '<' : signed/unsigned mismatch
     1>main.cpp(713): warning C4244: 'initializing' : conversion from 'double' to 'int', possible loss of data
     1>main.cpp(714): warning C4244: 'initializing' : conversion from 'double' to 'int', possible loss of data
     1>main.cpp(715): warning C4244: 'initializing' : conversion from 'double' to 'int', possible loss of data
     1>main.cpp(717): warning C4244: 'argument' : conversion from 'double' to 'int', possible loss of data
     1>main.cpp(719): warning C4244: 'argument' : conversion from 'double' to 'int', possible loss of data
     1>main.cpp(769): warning C4018: '<' : signed/unsigned mismatch
     1>c:\opencv_2.4.8\opencv\build\include\opencv2\core\types_c.h(315): warning C4793: 'cvRound' : function compiled as native :
         	Inline native assembly not supported in managed code
         All outputs are up-to-date.
       ResourceCompile:
         All outputs are up-to-date.
       Link:
         c:\Program Files (x86)\Microsoft Visual Studio 10.0\VC\bin\link.exe /ERRORREPORT:PROMPT /OUT:"C:\Users\Saurabh Satnalika\documents\visual studio 2010\Projects\eyeLike_clr\Debug\eyeLike_clr.exe" /INCREMENTAL /NOLOGO /LIBPATH:C:\openCV_2.4.8\opencv\build\x86\vc10\bin /LIBPATH:C:\openCV_2.4.8\opencv\build\x86\vc10\lib /LIBPATH:"C:\Users\Saurabh Satnalika\Desktop\SFML-2.3.2-windows-vc10-32-bit\SFML-2.3.2\lib" kernel32.lib user32.lib gdi32.lib winspool.lib shell32.lib ole32.lib oleaut32.lib uuid.lib comdlg32.lib advapi32.lib opencv_videostab248d.lib opencv_ts248d.lib opencv_superres248d.lib opencv_stitching248d.lib opencv_contrib248d.lib opencv_nonfree248d.lib opencv_ocl248d.lib opencv_gpu248d.lib opencv_photo248d.lib opencv_objdetect248d.lib opencv_legacy248d.lib opencv_video248d.lib opencv_ml248d.lib opencv_calib3d248d.lib opencv_features2d248d.lib opencv_highgui248d.lib opencv_imgproc248d.lib opencv_flann248d.lib opencv_core248d.lib "sfml-graphics-d.lib" "sfml-window-d.lib" "sfml-system-d.lib" "sfml-audio-d.lib" "sfml-main-d.lib" openal32.lib kernel32.lib user32.lib gdi32.lib winspool.lib comdlg32.lib advapi32.lib shell32.lib ole32.lib oleaut32.lib uuid.lib odbc32.lib odbccp32.lib /MANIFEST /ManifestFile:"Debug\eyeLike_clr.exe.intermediate.manifest" /MANIFESTUAC:"level='asInvoker' uiAccess='false'" /DEBUG /PDB:"C:\Users\Saurabh Satnalika\documents\visual studio 2010\Projects\eyeLike_clr\Debug\eyeLike_clr.pdb" /ASSEMBLYDEBUG /TLBID:1 /DYNAMICBASE /FIXED:NO /NXCOMPAT /MACHINE:X86 Debug\app.res
         Debug\AssemblyInfo.obj
         Debug\findEyeCenter.obj
         Debug\findEyeCorner.obj
         Debug\helpers.obj
         Debug\main.obj
         Debug\stdafx.obj
         "Debug\.NETFramework,Version=v4.0.AssemblyAttributes.obj"
     1>main.obj : warning LNK4248: unresolved typeref token (01000027) for 'CvCapture'; image may not run
     1>opencv_ts248d.lib(ts_gtest.obj) : warning LNK4099: PDB 'opencv_ts248d.pdb' was not found with 'opencv_ts248d.lib(ts_gtest.obj)' or at 'C:\Users\Saurabh Satnalika\documents\visual studio 2010\Projects\eyeLike_clr\Debug\opencv_ts248d.pdb'; linking object as if no debug info
     1>opencv_ts248d.lib(ts_perf.obj) : warning LNK4099: PDB 'opencv_ts248d.pdb' was not found with 'opencv_ts248d.lib(ts_perf.obj)' or at 'C:\Users\Saurabh Satnalika\documents\visual studio 2010\Projects\eyeLike_clr\Debug\opencv_ts248d.pdb'; linking object as if no debug info
         eyeLike_clr.vcxproj -> C:\Users\Saurabh Satnalika\documents\visual studio 2010\Projects\eyeLike_clr\Debug\eyeLike_clr.exe
       Manifest:
         C:\Program Files (x86)\Microsoft SDKs\Windows\v7.0A\bin\mt.exe /nologo /verbose /outputresource:"C:\Users\Saurabh Satnalika\documents\visual studio 2010\Projects\eyeLike_clr\Debug\eyeLike_clr.exe;#1" /manifest Debug\eyeLike_clr.exe.intermediate.manifest
       FinalizeBuildStatus:
         Deleting file "Debug\eyeLike_clr.unsuccessfulbuild".
         Touching "Debug\eyeLike_clr.lastbuildstate".
     1>Done Building Project "C:\Users\Saurabh Satnalika\documents\visual studio 2010\Projects\eyeLike_clr\eyeLike_clr\eyeLike_clr.vcxproj" (build target(s)).

Build succeeded.

Time Elapsed 00:00:08.78
